08:28:17.044 [main] INFO  testCases.TC_001_AccountRegistrationTest - *** Starting TC_001_AccountRegistrationTest ***
08:28:17.105 [main] INFO  testCases.TC_001_AccountRegistrationTest - Clicked on Account link
08:28:17.591 [main] INFO  testCases.TC_001_AccountRegistrationTest - Clicked on registe link
08:28:17.593 [main] INFO  testCases.TC_001_AccountRegistrationTest - Providing customer data
08:28:18.018 [main] INFO  testCases.TC_001_AccountRegistrationTest - Clicked on Continue 
08:28:18.041 [main] INFO  testCases.TC_001_AccountRegistrationTest - Validating expected message
08:32:40.983 [main] DEBUG io.netty.util.internal.logging.InternalLoggerFactory - Using Log4J2 as the default logging framework
08:32:40.998 [main] DEBUG io.netty.util.ResourceLeakDetector - -Dio.netty.leakDetection.level: simple
08:32:40.999 [main] DEBUG io.netty.util.ResourceLeakDetector - -Dio.netty.leakDetection.targetRecords: 4
08:32:41.002 [main] DEBUG io.netty.util.ResourceLeakDetectorFactory - Loaded default ResourceLeakDetector: io.netty.util.ResourceLeakDetector@5bfc257
08:32:41.016 [main] DEBUG io.netty.util.internal.PlatformDependent0 - -Dio.netty.noUnsafe: false
08:32:41.016 [main] DEBUG io.netty.util.internal.PlatformDependent0 - Java version: 19
08:32:41.016 [main] DEBUG io.netty.util.internal.PlatformDependent0 - sun.misc.Unsafe.theUnsafe: available
08:32:41.017 [main] DEBUG io.netty.util.internal.PlatformDependent0 - sun.misc.Unsafe.copyMemory: available
08:32:41.018 [main] DEBUG io.netty.util.internal.PlatformDependent0 - sun.misc.Unsafe.storeFence: available
08:32:41.018 [main] DEBUG io.netty.util.internal.PlatformDependent0 - java.nio.Buffer.address: available
08:32:41.019 [main] DEBUG io.netty.util.internal.PlatformDependent0 - direct buffer constructor: unavailable: Reflective setAccessible(true) disabled
08:32:41.019 [main] DEBUG io.netty.util.internal.PlatformDependent0 - java.nio.Bits.unaligned: available, true
08:32:41.020 [main] DEBUG io.netty.util.internal.PlatformDependent0 - jdk.internal.misc.Unsafe.allocateUninitializedArray(int): unavailable: class io.netty.util.internal.PlatformDependent0$7 cannot access class jdk.internal.misc.Unsafe (in module java.base) because module java.base does not export jdk.internal.misc to unnamed module @1ed6993a
08:32:41.020 [main] DEBUG io.netty.util.internal.PlatformDependent0 - java.nio.DirectByteBuffer.<init>(long, int): unavailable
08:32:41.021 [main] DEBUG io.netty.util.internal.PlatformDependent - sun.misc.Unsafe: available
08:32:41.021 [main] DEBUG io.netty.util.internal.PlatformDependent - maxDirectMemory: 8564768768 bytes (maybe)
08:32:41.021 [main] DEBUG io.netty.util.internal.PlatformDependent - -Dio.netty.tmpdir: C:\Users\vsupe\AppData\Local\Temp (java.io.tmpdir)
08:32:41.021 [main] DEBUG io.netty.util.internal.PlatformDependent - -Dio.netty.bitMode: 64 (sun.arch.data.model)
08:32:41.022 [main] DEBUG io.netty.util.internal.PlatformDependent - Platform: Windows
08:32:41.022 [main] DEBUG io.netty.util.internal.PlatformDependent - -Dio.netty.maxDirectMemory: -1 bytes
08:32:41.022 [main] DEBUG io.netty.util.internal.PlatformDependent - -Dio.netty.uninitializedArrayAllocationThreshold: -1
08:32:41.023 [main] DEBUG io.netty.util.internal.CleanerJava9 - java.nio.ByteBuffer.cleaner(): available
08:32:41.023 [main] DEBUG io.netty.util.internal.PlatformDependent - -Dio.netty.noPreferDirect: false
08:32:41.029 [main] DEBUG io.netty.util.internal.PlatformDependent - org.jctools-core.MpscChunkedArrayQueue: available
08:32:41.048 [main] DEBUG io.netty.util.internal.InternalThreadLocalMap - -Dio.netty.threadLocalMap.stringBuilder.initialSize: 1024
08:32:41.048 [main] DEBUG io.netty.util.internal.InternalThreadLocalMap - -Dio.netty.threadLocalMap.stringBuilder.maxSize: 4096
08:32:41.089 [main] DEBUG io.netty.handler.ssl.JdkSslContext - Default protocols (JDK): [TLSv1.3, TLSv1.2] 
08:32:41.089 [main] DEBUG io.netty.handler.ssl.JdkSslContext - Default cipher suites (JDK): [TLS_ECDHE_ECDSA_WITH_AES_256_GCM_SHA384, TLS_ECDHE_ECDSA_WITH_AES_128_GCM_SHA256, TLS_ECDHE_RSA_WITH_AES_128_GCM_SHA256, TLS_ECDHE_RSA_WITH_AES_256_GCM_SHA384, TLS_ECDHE_RSA_WITH_AES_128_CBC_SHA, TLS_ECDHE_RSA_WITH_AES_256_CBC_SHA, TLS_RSA_WITH_AES_128_GCM_SHA256, TLS_RSA_WITH_AES_128_CBC_SHA, TLS_RSA_WITH_AES_256_CBC_SHA, TLS_AES_128_GCM_SHA256, TLS_AES_256_GCM_SHA384]
08:32:41.099 [main] DEBUG io.netty.util.concurrent.GlobalEventExecutor - -Dio.netty.globalEventExecutor.quietPeriodSeconds: 1
08:32:41.109 [main] DEBUG io.netty.channel.MultithreadEventLoopGroup - -Dio.netty.eventLoopThreads: 32
08:32:41.115 [main] DEBUG io.netty.channel.nio.NioEventLoop - -Dio.netty.noKeySetOptimization: false
08:32:41.115 [main] DEBUG io.netty.channel.nio.NioEventLoop - -Dio.netty.selectorAutoRebuildThreshold: 512
08:32:41.163 [main] DEBUG io.netty.buffer.PooledByteBufAllocator - -Dio.netty.allocator.numHeapArenas: 32
08:32:41.163 [main] DEBUG io.netty.buffer.PooledByteBufAllocator - -Dio.netty.allocator.numDirectArenas: 32
08:32:41.164 [main] DEBUG io.netty.buffer.PooledByteBufAllocator - -Dio.netty.allocator.pageSize: 8192
08:32:41.164 [main] DEBUG io.netty.buffer.PooledByteBufAllocator - -Dio.netty.allocator.maxOrder: 9
08:32:41.164 [main] DEBUG io.netty.buffer.PooledByteBufAllocator - -Dio.netty.allocator.chunkSize: 4194304
08:32:41.164 [main] DEBUG io.netty.buffer.PooledByteBufAllocator - -Dio.netty.allocator.smallCacheSize: 256
08:32:41.164 [main] DEBUG io.netty.buffer.PooledByteBufAllocator - -Dio.netty.allocator.normalCacheSize: 64
08:32:41.164 [main] DEBUG io.netty.buffer.PooledByteBufAllocator - -Dio.netty.allocator.maxCachedBufferCapacity: 32768
08:32:41.164 [main] DEBUG io.netty.buffer.PooledByteBufAllocator - -Dio.netty.allocator.cacheTrimInterval: 8192
08:32:41.164 [main] DEBUG io.netty.buffer.PooledByteBufAllocator - -Dio.netty.allocator.cacheTrimIntervalMillis: 0
08:32:41.164 [main] DEBUG io.netty.buffer.PooledByteBufAllocator - -Dio.netty.allocator.useCacheForAllThreads: false
08:32:41.164 [main] DEBUG io.netty.buffer.PooledByteBufAllocator - -Dio.netty.allocator.maxCachedByteBuffersPerChunk: 1023
08:32:41.173 [main] DEBUG io.netty.buffer.ByteBufUtil - -Dio.netty.allocator.type: pooled
08:32:41.174 [main] DEBUG io.netty.buffer.ByteBufUtil - -Dio.netty.threadLocalDirectBufferSize: 0
08:32:41.174 [main] DEBUG io.netty.buffer.ByteBufUtil - -Dio.netty.maxThreadLocalCharBufferSize: 16384
08:32:41.391 [Forwarding newSession on session null to remote] DEBUG io.netty.channel.DefaultChannelId - -Dio.netty.processId: 67064 (auto-detected)
08:32:41.393 [Forwarding newSession on session null to remote] DEBUG io.netty.util.NetUtil - -Djava.net.preferIPv4Stack: false
08:32:41.393 [Forwarding newSession on session null to remote] DEBUG io.netty.util.NetUtil - -Djava.net.preferIPv6Addresses: false
08:32:41.402 [Forwarding newSession on session null to remote] DEBUG io.netty.util.NetUtilInitializations - Loopback interface: lo (Software Loopback Interface 1, 127.0.0.1)
08:32:41.402 [Forwarding newSession on session null to remote] DEBUG io.netty.util.NetUtil - Failed to get SOMAXCONN from sysctl and file \proc\sys\net\core\somaxconn. Default: 200
08:32:41.421 [Forwarding newSession on session null to remote] DEBUG io.netty.channel.DefaultChannelId - -Dio.netty.machineId: 0c:7a:15:ff:fe:fb:20:98 (auto-detected)
08:32:41.455 [AsyncHttpClient-1-2] DEBUG io.netty.buffer.AbstractByteBuf - -Dio.netty.buffer.checkAccessible: true
08:32:41.455 [AsyncHttpClient-1-2] DEBUG io.netty.buffer.AbstractByteBuf - -Dio.netty.buffer.checkBounds: true
08:32:41.455 [AsyncHttpClient-1-2] DEBUG io.netty.util.ResourceLeakDetectorFactory - Loaded default ResourceLeakDetector: io.netty.util.ResourceLeakDetector@100171da
08:32:41.475 [AsyncHttpClient-1-2] DEBUG io.netty.util.Recycler - -Dio.netty.recycler.maxCapacityPerThread: 4096
08:32:41.475 [AsyncHttpClient-1-2] DEBUG io.netty.util.Recycler - -Dio.netty.recycler.ratio: 8
08:32:41.475 [AsyncHttpClient-1-2] DEBUG io.netty.util.Recycler - -Dio.netty.recycler.chunkSize: 32
08:32:41.475 [AsyncHttpClient-1-2] DEBUG io.netty.util.Recycler - -Dio.netty.recycler.blocking: false
08:32:41.475 [AsyncHttpClient-1-2] DEBUG io.netty.util.Recycler - -Dio.netty.recycler.batchFastThreadLocalOnly: true
08:32:41.943 [AsyncHttpClient-1-2] DEBUG io.netty.handler.codec.compression.Brotli - brotli4j not in the classpath; Brotli support will be unavailable.
08:32:42.007 [main] DEBUG io.netty.util.internal.ThreadLocalRandom - -Dio.netty.initialSeedUniquifier: 0xfe75d63c50601992
08:32:43.118 [main] DEBUG testCases.TC_001_AccountRegistrationTest - Application logs
08:32:43.118 [main] INFO  testCases.TC_001_AccountRegistrationTest - *** Starting TC_001_AccountRegistrationTest ***
08:32:43.177 [main] INFO  testCases.TC_001_AccountRegistrationTest - Clicked on Account link
08:32:43.659 [main] INFO  testCases.TC_001_AccountRegistrationTest - Clicked on register link
08:32:43.661 [main] INFO  testCases.TC_001_AccountRegistrationTest - Providing customer data
08:32:44.096 [main] INFO  testCases.TC_001_AccountRegistrationTest - Clicked on Continue 
08:32:44.119 [main] INFO  testCases.TC_001_AccountRegistrationTest - Validating expected message
08:41:05.504 [main] INFO  testCases.TC_001_AccountRegistrationTest - *** Starting TC_001_AccountRegistrationTest ***
08:41:05.578 [main] INFO  testCases.TC_001_AccountRegistrationTest - Clicked on Account link
08:41:06.014 [main] INFO  testCases.TC_001_AccountRegistrationTest - Clicked on register link
08:41:06.016 [main] INFO  testCases.TC_001_AccountRegistrationTest - Providing customer data
08:41:06.451 [main] INFO  testCases.TC_001_AccountRegistrationTest - Clicked on Continue 
08:41:06.473 [main] INFO  testCases.TC_001_AccountRegistrationTest - Validating expected message
08:41:06.475 [main] ERROR testCases.TC_001_AccountRegistrationTest - Test failed
08:42:50.674 [main] INFO  testCases.TC_001_AccountRegistrationTest - *** Starting TC_001_AccountRegistrationTest ***
08:42:50.751 [main] INFO  testCases.TC_001_AccountRegistrationTest - Clicked on Account link
08:42:51.244 [main] INFO  testCases.TC_001_AccountRegistrationTest - Clicked on register link
08:42:51.246 [main] INFO  testCases.TC_001_AccountRegistrationTest - Providing customer data
08:42:51.799 [main] INFO  testCases.TC_001_AccountRegistrationTest - Clicked on Continue 
08:42:51.821 [main] INFO  testCases.TC_001_AccountRegistrationTest - Validating expected message
08:42:51.823 [main] ERROR testCases.TC_001_AccountRegistrationTest - Not getting expected message expected [Your Account Has Been Created!] but found [Register Account]
08:49:23.406 [main] INFO  testCases.TC_001_AccountRegistrationTest - *** Starting TC_001_AccountRegistrationTest ***
08:49:23.466 [main] INFO  testCases.TC_001_AccountRegistrationTest - Clicked on Account link
08:49:23.841 [main] INFO  testCases.TC_001_AccountRegistrationTest - Clicked on register link
08:49:23.843 [main] INFO  testCases.TC_001_AccountRegistrationTest - Providing customer data
08:49:24.330 [main] INFO  testCases.TC_001_AccountRegistrationTest - Clicked on Continue 
08:49:24.351 [main] INFO  testCases.TC_001_AccountRegistrationTest - Validating expected message
08:49:24.352 [main] ERROR testCases.TC_001_AccountRegistrationTest - Not getting expected message expected [Your Account Has Been Created!] but found [Register Account]
08:50:13.731 [main] INFO  testCases.TC_001_AccountRegistrationTest - *** Starting TC_001_AccountRegistrationTest ***
08:50:13.795 [main] INFO  testCases.TC_001_AccountRegistrationTest - Clicked on Account link
08:50:14.294 [main] INFO  testCases.TC_001_AccountRegistrationTest - Clicked on register link
08:50:14.296 [main] INFO  testCases.TC_001_AccountRegistrationTest - Providing customer data
08:50:14.768 [main] INFO  testCases.TC_001_AccountRegistrationTest - Clicked on Continue 
08:50:14.792 [main] INFO  testCases.TC_001_AccountRegistrationTest - Validating expected message
08:50:14.794 [main] ERROR testCases.TC_001_AccountRegistrationTest - Not getting expected message expected [Your Account Has Been Created!] but found [Register Account]
08:51:09.656 [main] INFO  testCases.TC_001_AccountRegistrationTest - *** Starting TC_001_AccountRegistrationTest ***
08:51:09.718 [main] INFO  testCases.TC_001_AccountRegistrationTest - Clicked on Account link
08:51:10.056 [main] INFO  testCases.TC_001_AccountRegistrationTest - Clicked on register link
08:51:10.058 [main] INFO  testCases.TC_001_AccountRegistrationTest - Providing customer data
08:51:10.388 [main] INFO  testCases.TC_001_AccountRegistrationTest - Clicked on Continue 
08:51:10.534 [main] INFO  testCases.TC_001_AccountRegistrationTest - Validating expected message
08:51:10.536 [main] ERROR testCases.TC_001_AccountRegistrationTest - Not getting expected message expected [Your Account Has Been Created!] but found [Register Account]
11:19:42.186 [main] INFO  testCases.TC_001_AccountRegistrationTest - *** Starting TC_001_AccountRegistrationTest ***
11:19:42.246 [main] INFO  testCases.TC_001_AccountRegistrationTest - Clicked on Account link
11:19:42.765 [main] INFO  testCases.TC_001_AccountRegistrationTest - Clicked on register link
11:19:42.767 [main] INFO  testCases.TC_001_AccountRegistrationTest - Providing customer data
11:19:43.189 [main] INFO  testCases.TC_001_AccountRegistrationTest - Clicked on Continue 
11:19:49.912 [main] INFO  testCases.TC_001_AccountRegistrationTest - Validating expected message
11:19:49.914 [main] ERROR testCases.TC_001_AccountRegistrationTest - Not getting expected message expected [Your Account Has Been Created!] but found [disconnected: unable to send message to renderer
  (failed to check if window was closed: disconnected: not connected to DevTools)
  (Session info: chrome=112.0.5615.50)
Build info: version: '4.8.3', revision: 'e5e76298c3'
System info: os.name: 'Windows 10', os.arch: 'amd64', os.version: '10.0', java.version: '19.0.2'
Driver info: org.openqa.selenium.chrome.ChromeDriver
Command: [ba137b1efda99869cb5f698916cdb7ba, findElement {using=xpath, value=//h1[normalize-space(text())='Your Account Has Been Created!']}]
Capabilities {acceptInsecureCerts: false, browserName: chrome, browserVersion: 112.0.5615.50, chrome: {chromedriverVersion: 112.0.5615.49 (bd2a7bcb881c..., userDataDir: C:\Users\vsupe\AppData\Loca...}, goog:chromeOptions: {debuggerAddress: localhost:63635}, networkConnectionEnabled: false, pageLoadStrategy: normal, platformName: WINDOWS, proxy: Proxy(), se:cdp: ws://localhost:63635/devtoo..., se:cdpVersion: 112.0.5615.50, setWindowRect: true, strictFileInteractability: false, timeouts: {implicit: 0, pageLoad: 300000, script: 30000}, unhandledPromptBehavior: dismiss and notify, webauthn:extension:credBlob: true, webauthn:extension:largeBlob: true, webauthn:extension:minPinLength: true, webauthn:extension:prf: true, webauthn:virtualAuthenticators: true}
Session ID: ba137b1efda99869cb5f698916cdb7ba]
11:35:38.207 [main] INFO  testCases.TC_001_AccountRegistrationTest - *** Starting TC_001_AccountRegistrationTest ***
11:35:38.269 [main] INFO  testCases.TC_001_AccountRegistrationTest - Clicked on Account link
11:35:39.013 [main] INFO  testCases.TC_001_AccountRegistrationTest - Clicked on register link
11:35:39.015 [main] INFO  testCases.TC_001_AccountRegistrationTest - Providing customer data
11:35:39.463 [main] INFO  testCases.TC_001_AccountRegistrationTest - Clicked on Continue 
11:35:47.842 [main] INFO  testCases.TC_001_AccountRegistrationTest - Validating expected message
11:35:47.843 [main] ERROR testCases.TC_001_AccountRegistrationTest - Not getting expected message expected [Your Account Has Been Created!] but found [Unable to find element with locator By.xpath: //h1[normalize-space(text())='Your Account Has Been Created!']
For documentation on this error, please visit: https://selenium.dev/exceptions/#no_such_element
Build info: version: '4.8.3', revision: 'e5e76298c3'
System info: os.name: 'Windows 10', os.arch: 'amd64', os.version: '10.0', java.version: '19.0.2'
Driver info: driver.version: RemoteWebDriver]
11:36:54.478 [main] INFO  testCases.TC_001_AccountRegistrationTest - *** Starting TC_001_AccountRegistrationTest ***
11:36:54.538 [main] INFO  testCases.TC_001_AccountRegistrationTest - Clicked on Account link
11:36:54.991 [main] INFO  testCases.TC_001_AccountRegistrationTest - Clicked on register link
11:36:54.993 [main] INFO  testCases.TC_001_AccountRegistrationTest - Providing customer data
11:36:55.419 [main] INFO  testCases.TC_001_AccountRegistrationTest - Clicked on Continue 
11:37:00.265 [main] INFO  testCases.TC_001_AccountRegistrationTest - Validating expected message
11:37:00.267 [main] ERROR testCases.TC_001_AccountRegistrationTest - Not getting expected message expected [Your Account Has Been Created!] but found [Unable to find element with locator By.xpath: //h1[normalize-space(text())='Your Account Has Been Created!']
For documentation on this error, please visit: https://selenium.dev/exceptions/#no_such_element
Build info: version: '4.8.3', revision: 'e5e76298c3'
System info: os.name: 'Windows 10', os.arch: 'amd64', os.version: '10.0', java.version: '19.0.2'
Driver info: driver.version: RemoteWebDriver]
11:43:33.809 [TestNG-tests-1] INFO  testCases.TC_001_AccountRegistrationTest - *** Starting TC_001_AccountRegistrationTest ***
11:43:33.878 [TestNG-tests-1] INFO  testCases.TC_001_AccountRegistrationTest - Clicked on Account link
11:43:34.115 [TestNG-tests-2] INFO  testCases.TC_001_AccountRegistrationTest - *** Starting TC_001_AccountRegistrationTest ***
11:43:34.161 [TestNG-tests-2] INFO  testCases.TC_001_AccountRegistrationTest - Clicked on Account link
11:43:34.398 [TestNG-tests-1] INFO  testCases.TC_001_AccountRegistrationTest - Clicked on register link
11:43:34.400 [TestNG-tests-1] INFO  testCases.TC_001_AccountRegistrationTest - Providing customer data
11:43:34.716 [TestNG-tests-2] INFO  testCases.TC_001_AccountRegistrationTest - Clicked on register link
11:43:34.717 [TestNG-tests-2] INFO  testCases.TC_001_AccountRegistrationTest - Providing customer data
11:43:34.841 [TestNG-tests-1] INFO  testCases.TC_001_AccountRegistrationTest - Clicked on Continue 
11:43:35.173 [TestNG-tests-2] INFO  testCases.TC_001_AccountRegistrationTest - Clicked on Continue 
11:43:44.872 [TestNG-tests-1] INFO  testCases.TC_001_AccountRegistrationTest - Validating expected message
11:43:44.873 [TestNG-tests-1] ERROR testCases.TC_001_AccountRegistrationTest - Not getting expected message expected [Your Account Has Been Created!] but found [no such element: Unable to locate element: {"method":"xpath","selector":"//h1[normalize-space(text())='Your Account Has Been Created!']"}
  (Session info: chrome=112.0.5615.50)
For documentation on this error, please visit: https://selenium.dev/exceptions/#no_such_element
Build info: version: '4.8.3', revision: 'e5e76298c3'
System info: os.name: 'Windows 10', os.arch: 'amd64', os.version: '10.0', java.version: '19.0.2'
Driver info: org.openqa.selenium.chrome.ChromeDriver
Command: [8e610db39ebad1c72a52c36eaade5c5f, findElement {using=xpath, value=//h1[normalize-space(text())='Your Account Has Been Created!']}]
Capabilities {acceptInsecureCerts: false, browserName: chrome, browserVersion: 112.0.5615.50, chrome: {chromedriverVersion: 112.0.5615.49 (bd2a7bcb881c..., userDataDir: C:\Users\vsupe\AppData\Loca...}, goog:chromeOptions: {debuggerAddress: localhost:63845}, networkConnectionEnabled: false, pageLoadStrategy: normal, platformName: WINDOWS, proxy: Proxy(), se:cdp: ws://localhost:63845/devtoo..., se:cdpVersion: 112.0.5615.50, setWindowRect: true, strictFileInteractability: false, timeouts: {implicit: 0, pageLoad: 300000, script: 30000}, unhandledPromptBehavior: dismiss and notify, webauthn:extension:credBlob: true, webauthn:extension:largeBlob: true, webauthn:extension:minPinLength: true, webauthn:extension:prf: true, webauthn:virtualAuthenticators: true}
Session ID: 8e610db39ebad1c72a52c36eaade5c5f]
11:43:45.239 [TestNG-tests-2] INFO  testCases.TC_001_AccountRegistrationTest - Validating expected message
11:43:45.239 [TestNG-tests-2] ERROR testCases.TC_001_AccountRegistrationTest - Not getting expected message expected [Your Account Has Been Created!] but found [no such element: Unable to locate element: {"method":"xpath","selector":"//h1[normalize-space(text())='Your Account Has Been Created!']"}
  (Session info: MicrosoftEdge=111.0.1661.62)
For documentation on this error, please visit: https://selenium.dev/exceptions/#no_such_element
Build info: version: '4.8.3', revision: 'e5e76298c3'
System info: os.name: 'Windows 10', os.arch: 'amd64', os.version: '10.0', java.version: '19.0.2'
Driver info: org.openqa.selenium.edge.EdgeDriver
Command: [99cab2b903f1ed92b9b63b3a734fd166, findElement {using=xpath, value=//h1[normalize-space(text())='Your Account Has Been Created!']}]
Capabilities {acceptInsecureCerts: false, browserName: msedge, browserVersion: 111.0.1661.62, ms:edgeOptions: {debuggerAddress: localhost:63847}, msedge: {msedgedriverVersion: 111.0.1661.62 (0a8f453929e6..., userDataDir: C:\Users\vsupe\AppData\Loca...}, networkConnectionEnabled: false, pageLoadStrategy: normal, platformName: WINDOWS, proxy: Proxy(), se:cdp: ws://localhost:63847/devtoo..., se:cdpVersion: 111.0.1661.62, setWindowRect: true, strictFileInteractability: false, timeouts: {implicit: 0, pageLoad: 300000, script: 30000}, unhandledPromptBehavior: dismiss and notify, webauthn:extension:credBlob: true, webauthn:extension:largeBlob: true, webauthn:extension:minPinLength: true, webauthn:extension:prf: true, webauthn:virtualAuthenticators: true}
Session ID: 99cab2b903f1ed92b9b63b3a734fd166]
12:06:03.796 [main] INFO  testCases.TC_001_AccountRegistrationTest - *** Starting TC_001_AccountRegistrationTest ***
12:06:03.862 [main] INFO  testCases.TC_001_AccountRegistrationTest - Clicked on Account link
12:06:04.416 [main] INFO  testCases.TC_001_AccountRegistrationTest - Clicked on register link
12:06:04.418 [main] INFO  testCases.TC_001_AccountRegistrationTest - Providing customer data
12:06:04.847 [main] INFO  testCases.TC_001_AccountRegistrationTest - Clicked on Continue 
12:06:14.898 [main] INFO  testCases.TC_001_AccountRegistrationTest - Validating expected message
12:06:14.900 [main] ERROR testCases.TC_001_AccountRegistrationTest - Not getting expected message expected [Your Account Has Been Created!] but found [no such element: Unable to locate element: {"method":"xpath","selector":"//h1[normalize-space(text())='Your Account Has Been Created!']"}
  (Session info: MicrosoftEdge=111.0.1661.62)
For documentation on this error, please visit: https://selenium.dev/exceptions/#no_such_element
Build info: version: '4.8.3', revision: 'e5e76298c3'
System info: os.name: 'Windows 10', os.arch: 'amd64', os.version: '10.0', java.version: '19.0.2'
Driver info: org.openqa.selenium.edge.EdgeDriver
Command: [407dc4a3bd676eca140bd5c7acc475fb, findElement {using=xpath, value=//h1[normalize-space(text())='Your Account Has Been Created!']}]
Capabilities {acceptInsecureCerts: false, browserName: msedge, browserVersion: 111.0.1661.62, ms:edgeOptions: {debuggerAddress: localhost:64039}, msedge: {msedgedriverVersion: 111.0.1661.62 (0a8f453929e6..., userDataDir: C:\Users\vsupe\AppData\Loca...}, networkConnectionEnabled: false, pageLoadStrategy: normal, platformName: WINDOWS, proxy: Proxy(), se:cdp: ws://localhost:64039/devtoo..., se:cdpVersion: 111.0.1661.62, setWindowRect: true, strictFileInteractability: false, timeouts: {implicit: 0, pageLoad: 300000, script: 30000}, unhandledPromptBehavior: dismiss and notify, webauthn:extension:credBlob: true, webauthn:extension:largeBlob: true, webauthn:extension:minPinLength: true, webauthn:extension:prf: true, webauthn:virtualAuthenticators: true}
Session ID: 407dc4a3bd676eca140bd5c7acc475fb]
13:41:58.597 [main] INFO  testCases.TC_001_AccountRegistrationTest - *** Starting TC_001_AccountRegistrationTest ***
13:41:58.657 [main] INFO  testCases.TC_001_AccountRegistrationTest - Clicked on Account link
13:41:59.220 [main] INFO  testCases.TC_001_AccountRegistrationTest - Clicked on register link
13:41:59.222 [main] INFO  testCases.TC_001_AccountRegistrationTest - Providing customer data
13:41:59.648 [main] INFO  testCases.TC_001_AccountRegistrationTest - Clicked on Continue 
13:42:09.697 [main] INFO  testCases.TC_001_AccountRegistrationTest - Validating expected message
13:42:09.698 [main] ERROR testCases.TC_001_AccountRegistrationTest - Not getting expected message expected [Your Account Has Been Created!] but found [no such element: Unable to locate element: {"method":"xpath","selector":"//h1[normalize-space(text())='Your Account Has Been Created!']"}
  (Session info: MicrosoftEdge=111.0.1661.62)
For documentation on this error, please visit: https://selenium.dev/exceptions/#no_such_element
Build info: version: '4.8.3', revision: 'e5e76298c3'
System info: os.name: 'Windows 10', os.arch: 'amd64', os.version: '10.0', java.version: '19.0.2'
Driver info: org.openqa.selenium.edge.EdgeDriver
Command: [e06f318e35c072af09161644c99fd9f1, findElement {using=xpath, value=//h1[normalize-space(text())='Your Account Has Been Created!']}]
Capabilities {acceptInsecureCerts: false, browserName: msedge, browserVersion: 111.0.1661.62, ms:edgeOptions: {debuggerAddress: localhost:64702}, msedge: {msedgedriverVersion: 111.0.1661.62 (0a8f453929e6..., userDataDir: C:\Users\vsupe\AppData\Loca...}, networkConnectionEnabled: false, pageLoadStrategy: normal, platformName: WINDOWS, proxy: Proxy(), se:cdp: ws://localhost:64702/devtoo..., se:cdpVersion: 111.0.1661.62, setWindowRect: true, strictFileInteractability: false, timeouts: {implicit: 0, pageLoad: 300000, script: 30000}, unhandledPromptBehavior: dismiss and notify, webauthn:extension:credBlob: true, webauthn:extension:largeBlob: true, webauthn:extension:minPinLength: true, webauthn:extension:prf: true, webauthn:virtualAuthenticators: true}
Session ID: e06f318e35c072af09161644c99fd9f1]
20:10:33.627 [main] INFO  testCases.TC_002_LoginTest -  *** Starting TC_002_LoginTest ***
20:10:33.685 [main] INFO  testCases.TC_002_LoginTest - Clicked My Account
20:10:33.968 [main] INFO  testCases.TC_002_LoginTest - Clicked Login
20:10:33.968 [main] INFO  testCases.TC_002_LoginTest - Providing Login details
20:10:34.131 [main] INFO  testCases.TC_002_LoginTest - Clicked Login button
20:14:53.548 [main] INFO  testCases.TC_002_LoginTest -  *** Starting TC_002_LoginTest ***
20:14:53.607 [main] INFO  testCases.TC_002_LoginTest - Clicked My Account
20:14:53.919 [main] INFO  testCases.TC_002_LoginTest - Clicked Login
20:14:53.920 [main] INFO  testCases.TC_002_LoginTest - Providing Login details
20:14:54.075 [main] INFO  testCases.TC_002_LoginTest - Clicked Login button
20:18:19.300 [main] INFO  testCases.TC_002_LoginTest -  *** Starting TC_002_LoginTest ***
20:18:19.376 [main] INFO  testCases.TC_002_LoginTest - Clicked My Account
20:18:19.824 [main] INFO  testCases.TC_002_LoginTest - Clicked Login
20:18:19.824 [main] INFO  testCases.TC_002_LoginTest - Providing Login details
20:18:20.127 [main] INFO  testCases.TC_002_LoginTest - Clicked Login button
20:18:30.179 [main] INFO  testCases.TC_002_LoginTest - On Account page and targetpage is false
20:20:42.735 [main] INFO  testCases.TC_002_LoginTest -  *** Starting TC_002_LoginTest ***
20:20:42.795 [main] INFO  testCases.TC_002_LoginTest - Clicked My Account
20:20:43.092 [main] INFO  testCases.TC_002_LoginTest - Clicked Login
20:20:43.092 [main] INFO  testCases.TC_002_LoginTest - Providing Login details
20:20:43.247 [main] INFO  testCases.TC_002_LoginTest - Clicked Login button
20:20:53.306 [main] ERROR testCases.TC_002_LoginTest - Account not created expected [true] but found [false]
09:17:03.849 [main] INFO  testCases.TC_002_LoginTest -  *** Starting TC_002_LoginTest ***
09:17:03.909 [main] INFO  testCases.TC_002_LoginTest - Clicked My Account
09:17:04.185 [main] INFO  testCases.TC_002_LoginTest - Clicked Login
09:17:04.185 [main] INFO  testCases.TC_002_LoginTest - Providing Login details
09:17:04.342 [main] INFO  testCases.TC_002_LoginTest - Clicked Login button
09:17:14.392 [main] ERROR testCases.TC_002_LoginTest - Account not created expected [true] but found [false]
09:20:53.145 [main] INFO  testCases.TC_003_LoginDDT -  *** Starting TC_002_LoginTest ***
09:20:53.201 [main] INFO  testCases.TC_003_LoginDDT - Clicked My Account
09:20:53.489 [main] INFO  testCases.TC_003_LoginDDT - Clicked Login
09:20:53.489 [main] INFO  testCases.TC_003_LoginDDT - Providing Login details
09:20:53.648 [main] INFO  testCases.TC_003_LoginDDT - Clicked Login button
09:21:03.717 [main] INFO  testCases.TC_003_LoginDDT -  *** Finished TC_002_LoginTest ***
09:21:03.727 [main] INFO  testCases.TC_003_LoginDDT -  *** Starting TC_002_LoginTest ***
09:21:03.762 [main] INFO  testCases.TC_003_LoginDDT - Clicked My Account
09:21:04.012 [main] INFO  testCases.TC_003_LoginDDT - Clicked Login
09:21:04.012 [main] INFO  testCases.TC_003_LoginDDT - Providing Login details
09:21:04.133 [main] INFO  testCases.TC_003_LoginDDT - Clicked Login button
09:21:14.151 [main] INFO  testCases.TC_003_LoginDDT -  *** Finished TC_002_LoginTest ***
09:21:14.153 [main] INFO  testCases.TC_003_LoginDDT -  *** Starting TC_002_LoginTest ***
09:21:14.190 [main] INFO  testCases.TC_003_LoginDDT - Clicked My Account
09:21:14.443 [main] INFO  testCases.TC_003_LoginDDT - Clicked Login
09:21:14.443 [main] INFO  testCases.TC_003_LoginDDT - Providing Login details
09:21:14.580 [main] INFO  testCases.TC_003_LoginDDT - Clicked Login button
09:24:40.324 [main] INFO  testCases.TC_002_LoginTest -  *** Starting TC_002_LoginTest ***
09:24:40.383 [main] INFO  testCases.TC_002_LoginTest - Clicked My Account
09:24:40.685 [main] INFO  testCases.TC_002_LoginTest - Clicked Login
09:24:40.685 [main] INFO  testCases.TC_002_LoginTest - Providing Login details
09:24:40.848 [main] INFO  testCases.TC_002_LoginTest - Clicked Login button
09:24:50.887 [main] ERROR testCases.TC_002_LoginTest - Account not created expected [true] but found [false]
10:06:45.093 [main] INFO  testCases.TC_001_AccountRegistrationTest - *** Starting TC_001_AccountRegistrationTest ***
10:06:45.151 [main] INFO  testCases.TC_001_AccountRegistrationTest - Clicked on Account link
10:06:45.637 [main] INFO  testCases.TC_001_AccountRegistrationTest - Clicked on register link
10:06:45.638 [main] INFO  testCases.TC_001_AccountRegistrationTest - Providing customer data
10:06:46.087 [main] INFO  testCases.TC_001_AccountRegistrationTest - Clicked on Continue 
10:06:56.108 [main] INFO  testCases.TC_001_AccountRegistrationTest - Validating expected message
10:06:56.110 [main] ERROR testCases.TC_001_AccountRegistrationTest - Not getting expected message expected [Your Account Has Been Created!] but found [no such element: Unable to locate element: {"method":"xpath","selector":"//h1[normalize-space(text())='Your Account Has Been Created!']"}
  (Session info: chrome=112.0.5615.50)
For documentation on this error, please visit: https://selenium.dev/exceptions/#no_such_element
Build info: version: '4.8.3', revision: 'e5e76298c3'
System info: os.name: 'Windows 10', os.arch: 'amd64', os.version: '10.0', java.version: '19.0.2'
Driver info: org.openqa.selenium.chrome.ChromeDriver
Command: [333fbc0d277e84f399ea3ee0776b5f19, findElement {using=xpath, value=//h1[normalize-space(text())='Your Account Has Been Created!']}]
Capabilities {acceptInsecureCerts: false, browserName: chrome, browserVersion: 112.0.5615.50, chrome: {chromedriverVersion: 112.0.5615.49 (bd2a7bcb881c..., userDataDir: C:\Users\vsupe\AppData\Loca...}, goog:chromeOptions: {debuggerAddress: localhost:58079}, networkConnectionEnabled: false, pageLoadStrategy: normal, platformName: WINDOWS, proxy: Proxy(), se:cdp: ws://localhost:58079/devtoo..., se:cdpVersion: 112.0.5615.50, setWindowRect: true, strictFileInteractability: false, timeouts: {implicit: 0, pageLoad: 300000, script: 30000}, unhandledPromptBehavior: dismiss and notify, webauthn:extension:credBlob: true, webauthn:extension:largeBlob: true, webauthn:extension:minPinLength: true, webauthn:extension:prf: true, webauthn:virtualAuthenticators: true}
Session ID: 333fbc0d277e84f399ea3ee0776b5f19]
10:06:58.673 [main] INFO  testCases.TC_002_LoginTest -  *** Starting TC_002_LoginTest ***
10:06:58.730 [main] INFO  testCases.TC_002_LoginTest - Clicked My Account
10:06:59.087 [main] INFO  testCases.TC_002_LoginTest - Clicked Login
10:06:59.087 [main] INFO  testCases.TC_002_LoginTest - Providing Login details
10:06:59.243 [main] INFO  testCases.TC_002_LoginTest - Clicked Login button
10:07:09.291 [main] ERROR testCases.TC_002_LoginTest - Account not created expected [true] but found [false]
14:19:37.113 [main] INFO  testCases.TC_002_LoginTest -  *** Starting TC_002_LoginTest ***
14:19:37.186 [main] INFO  testCases.TC_002_LoginTest - Clicked My Account
14:19:37.456 [main] INFO  testCases.TC_002_LoginTest - Clicked Login
14:19:37.456 [main] INFO  testCases.TC_002_LoginTest - Providing Login details
14:19:37.615 [main] INFO  testCases.TC_002_LoginTest - Clicked Login button
14:19:47.640 [main] ERROR testCases.TC_002_LoginTest - Account not created expected [true] but found [false]
14:49:14.554 [main] INFO  testCases.TC_002_LoginTest -  *** Starting TC_002_LoginTest ***
14:49:14.611 [main] INFO  testCases.TC_002_LoginTest - Clicked My Account
14:49:14.902 [main] INFO  testCases.TC_002_LoginTest - Clicked Login
14:49:14.902 [main] INFO  testCases.TC_002_LoginTest - Providing Login details
14:49:15.069 [main] INFO  testCases.TC_002_LoginTest - Clicked Login button
14:49:20.117 [main] ERROR testCases.TC_002_LoginTest - Account not created expected [true] but found [false]
15:09:01.834 [main] INFO  testCases.TC_002_LoginTest -  *** Starting TC_002_LoginTest ***
15:09:01.901 [main] INFO  testCases.TC_002_LoginTest - Clicked My Account
15:09:02.167 [main] INFO  testCases.TC_002_LoginTest - Clicked Login
15:09:02.167 [main] INFO  testCases.TC_002_LoginTest - Providing Login details
15:09:02.327 [main] INFO  testCases.TC_002_LoginTest - Clicked Login button
15:09:07.351 [main] ERROR testCases.TC_002_LoginTest - Account not created expected [true] but found [false]
